  pro.c
C:\yingn02\대학\2-1\프로그래밍랩-정인환\Lab10-실습\LabProject\pro.c(1052,9): warning C4101: 'y' :참조되지 않은 지역 변수입니다.
C:\yingn02\대학\2-1\프로그래밍랩-정인환\Lab10-실습\LabProject\pro.c(1052,15): warning C4101: 'j' :참조되지 않은 지역 변수입니다.
C:\yingn02\대학\2-1\프로그래밍랩-정인환\Lab10-실습\LabProject\pro.c(1052,12): warning C4101: 'i' :참조되지 않은 지역 변수입니다.
C:\yingn02\대학\2-1\프로그래밍랩-정인환\Lab10-실습\LabProject\pro.c(1052,6): warning C4101: 'x' :참조되지 않은 지역 변수입니다.
C:\yingn02\대학\2-1\프로그래밍랩-정인환\Lab10-실습\LabProject\pro.c(1150,8): warning C4244: '함수': 'time_t'에서 'unsigned int'(으)로 변환하면서 데이터가 손실될 수 있습니다.
C:\yingn02\대학\2-1\프로그래밍랩-정인환\Lab10-실습\LabProject\pro.c(1157,19): warning C4553: '==': 식의 결과가 사용되지 않습니다. '='을(를) 의도했습니까?
C:\yingn02\대학\2-1\프로그래밍랩-정인환\Lab10-실습\LabProject\pro.c(1158,24): warning C4553: '==': 식의 결과가 사용되지 않습니다. '='을(를) 의도했습니까?
C:\yingn02\대학\2-1\프로그래밍랩-정인환\Lab10-실습\LabProject\pro.c(1170,10): warning C4244: '함수': 'double'에서 'int'(으)로 변환하면서 데이터가 손실될 수 있습니다.
C:\yingn02\대학\2-1\프로그래밍랩-정인환\Lab10-실습\LabProject\pro.c(1170,19): warning C4244: '함수': 'double'에서 'int'(으)로 변환하면서 데이터가 손실될 수 있습니다.
C:\yingn02\대학\2-1\프로그래밍랩-정인환\Lab10-실습\LabProject\pro.c(1302,15): warning C4244: '함수': 'double'에서 'int'(으)로 변환하면서 데이터가 손실될 수 있습니다.
C:\yingn02\대학\2-1\프로그래밍랩-정인환\Lab10-실습\LabProject\pro.c(1302,24): warning C4244: '함수': 'double'에서 'int'(으)로 변환하면서 데이터가 손실될 수 있습니다.
C:\yingn02\대학\2-1\프로그래밍랩-정인환\Lab10-실습\LabProject\pro.c(1303,15): warning C4244: '함수': 'double'에서 'int'(으)로 변환하면서 데이터가 손실될 수 있습니다.
C:\yingn02\대학\2-1\프로그래밍랩-정인환\Lab10-실습\LabProject\pro.c(1303,24): warning C4244: '함수': 'double'에서 'int'(으)로 변환하면서 데이터가 손실될 수 있습니다.
C:\yingn02\대학\2-1\프로그래밍랩-정인환\Lab10-실습\LabProject\pro.c(1310,9): warning C4553: '==': 식의 결과가 사용되지 않습니다. '='을(를) 의도했습니까?
C:\yingn02\대학\2-1\프로그래밍랩-정인환\Lab10-실습\LabProject\pro.c(1359,15): warning C4244: '함수': 'double'에서 'int'(으)로 변환하면서 데이터가 손실될 수 있습니다.
C:\yingn02\대학\2-1\프로그래밍랩-정인환\Lab10-실습\LabProject\pro.c(1359,24): warning C4244: '함수': 'double'에서 'int'(으)로 변환하면서 데이터가 손실될 수 있습니다.
C:\yingn02\대학\2-1\프로그래밍랩-정인환\Lab10-실습\LabProject\pro.c(1360,15): warning C4244: '함수': 'double'에서 'int'(으)로 변환하면서 데이터가 손실될 수 있습니다.
C:\yingn02\대학\2-1\프로그래밍랩-정인환\Lab10-실습\LabProject\pro.c(1360,24): warning C4244: '함수': 'double'에서 'int'(으)로 변환하면서 데이터가 손실될 수 있습니다.
C:\yingn02\대학\2-1\프로그래밍랩-정인환\Lab10-실습\LabProject\pro.c(1367,9): warning C4553: '==': 식의 결과가 사용되지 않습니다. '='을(를) 의도했습니까?
C:\yingn02\대학\2-1\프로그래밍랩-정인환\Lab10-실습\LabProject\pro.c(1390,14): warning C4244: '함수': 'double'에서 'int'(으)로 변환하면서 데이터가 손실될 수 있습니다.
C:\yingn02\대학\2-1\프로그래밍랩-정인환\Lab10-실습\LabProject\pro.c(1390,23): warning C4244: '함수': 'double'에서 'int'(으)로 변환하면서 데이터가 손실될 수 있습니다.
C:\yingn02\대학\2-1\프로그래밍랩-정인환\Lab10-실습\LabProject\pro.c(1391,12): warning C4244: '함수': 'double'에서 'int'(으)로 변환하면서 데이터가 손실될 수 있습니다.
C:\yingn02\대학\2-1\프로그래밍랩-정인환\Lab10-실습\LabProject\pro.c(1391,21): warning C4244: '함수': 'double'에서 'int'(으)로 변환하면서 데이터가 손실될 수 있습니다.
  코드를 생성하고 있습니다.
  Previous IPDB not found, fall back to full compilation.
  All 32 functions were compiled because no usable IPDB/IOBJ from previous compilation was found.
  코드를 생성했습니다.
  LabProject.vcxproj -> C:\yingn02\대학\2-1\프로그래밍랩-정인환\Lab10-실습\Release\LabProject.exe
